# JRE version: Java(TM) SE Runtime Environment (9.0+11) (build 9.0.4+11)
# Java VM: Java HotSpot(TM) 64-Bit Server VM (9.0.4+11, mixed mode, tiered, compressed oops, g1 gc, windows-amd64)
Heap:
 garbage-first heap   total 355328K, used 141089K [0x0000000700000000, 0x0000000700100ad8, 0x00000007c0000000)
  region size 1024K, 30 young (30720K), 0 survivors (0K)
 Metaspace       used 88037K, capacity 94557K, committed 94720K, reserved 1130496K
  class space    used 12871K, capacity 14004K, committed 14080K, reserved 1048576K
GC Heap History (10 events):
Event: 702.907 GC heap before
{Heap before GC invocations=156 (full 5):
 garbage-first heap   total 355328K, used 171391K [0x0000000700000000, 0x0000000700100ad8, 0x00000007c0000000)
  region size 1024K, 60 young (61440K), 2 survivors (2048K)
 Metaspace       used 87483K, capacity 93971K, committed 94080K, reserved 1130496K
  class space    used 12793K, capacity 13939K, committed 13952K, reserved 1048576K
}
Event: 702.909 GC heap after
{Heap after GC invocations=157 (full 5):
 garbage-first heap   total 355328K, used 113109K [0x0000000700000000, 0x0000000700100ad8, 0x00000007c0000000)
  region size 1024K, 4 young (4096K), 4 survivors (4096K)
 Metaspace       used 87483K, capacity 93971K, committed 94080K, reserved 1130496K
  class space    used 12793K, capacity 13939K, committed 13952K, reserved 1048576K
}
Event: 710.840 GC heap before
{Heap before GC invocations=157 (full 5):
 garbage-first heap   total 355328K, used 170453K [0x0000000700000000, 0x0000000700100ad8, 0x00000007c0000000)
  region size 1024K, 60 young (61440K), 4 survivors (4096K)
 Metaspace       used 87763K, capacity 94205K, committed 94464K, reserved 1130496K
  class space    used 12854K, capacity 13972K, committed 14080K, reserved 1048576K
}
Event: 710.843 GC heap after
{Heap after GC invocations=158 (full 5):
 garbage-first heap   total 355328K, used 114030K [0x0000000700000000, 0x0000000700100ad8, 0x00000007c0000000)
  region size 1024K, 4 young (4096K), 4 survivors (4096K)
 Metaspace       used 87763K, capacity 94205K, committed 94464K, reserved 1130496K
  class space    used 12854K, capacity 13972K, committed 14080K, reserved 1048576K
}
Event: 713.608 GC heap before
{Heap before GC invocations=158 (full 5):
 garbage-first heap   total 355328K, used 171374K [0x0000000700000000, 0x0000000700100ad8, 0x00000007c0000000)
  region size 1024K, 60 young (61440K), 4 survivors (4096K)
 Metaspace       used 87802K, capacity 94269K, committed 94464K, reserved 1130496K
  class space    used 12855K, capacity 13972K, committed 14080K, reserved 1048576K
}
Event: 713.611 GC heap after
{Heap after GC invocations=159 (full 5):
 garbage-first heap   total 355328K, used 114158K [0x0000000700000000, 0x0000000700100ad8, 0x00000007c0000000)
  region size 1024K, 5 young (5120K), 5 survivors (5120K)
 Metaspace       used 87802K, capacity 94269K, committed 94464K, reserved 1130496K
  class space    used 12855K, capacity 13972K, committed 14080K, reserved 1048576K
}
Event: 713.793 GC heap before
{Heap before GC invocations=159 (full 5):
 garbage-first heap   total 355328K, used 170478K [0x0000000700000000, 0x0000000700100ad8, 0x00000007c0000000)
  region size 1024K, 60 young (61440K), 5 survivors (5120K)
 Metaspace       used 87804K, capacity 94269K, committed 94464K, reserved 1130496K
  class space    used 12855K, capacity 13972K, committed 14080K, reserved 1048576K
}
Event: 713.796 GC heap after
{Heap after GC invocations=160 (full 5):
 garbage-first heap   total 355328K, used 114109K [0x0000000700000000, 0x0000000700100ad8, 0x00000007c0000000)
  region size 1024K, 5 young (5120K), 5 survivors (5120K)
 Metaspace       used 87804K, capacity 94269K, committed 94464K, reserved 1130496K
  class space    used 12855K, capacity 13972K, committed 14080K, reserved 1048576K
}
Event: 716.539 GC heap before
{Heap before GC invocations=160 (full 5):
 garbage-first heap   total 355328K, used 150973K [0x0000000700000000, 0x0000000700100ad8, 0x00000007c0000000)
  region size 1024K, 42 young (43008K), 5 survivors (5120K)
 Metaspace       used 87988K, capacity 94493K, committed 94720K, reserved 1130496K
  class space    used 12871K, capacity 14004K, committed 14080K, reserved 1048576K
}
Event: 716.767 GC heap after
{Heap after GC invocations=161 (full 6):
 garbage-first heap   total 355328K, used 111393K [0x0000000700000000, 0x0000000700100ad8, 0x00000007c0000000)
  region size 1024K, 0 young (0K), 0 survivors (0K)
 Metaspace       used 87988K, capacity 94493K, committed 94720K, reserved 1130496K
  class space    used 12871K, capacity 14004K, committed 14080K, reserved 1048576K
}

