# JRE version: Java(TM) SE Runtime Environment (9.0+11) (build 9.0.4+11)
# Java VM: Java HotSpot(TM) 64-Bit Server VM (9.0.4+11, mixed mode, tiered, compressed oops, g1 gc, windows-amd64)
Heap:
 garbage-first heap   total 333824K, used 132440K [0x0000000700000000, 0x0000000700100a30, 0x00000007c0000000)
  region size 1024K, 25 young (25600K), 0 survivors (0K)
 Metaspace       used 84730K, capacity 90263K, committed 90496K, reserved 1126400K
  class space    used 12427K, capacity 13389K, committed 13440K, reserved 1048576K
GC Heap History (10 events):
Event: 137.673 GC heap before
{Heap before GC invocations=79 (full 3):
 garbage-first heap   total 333824K, used 164688K [0x0000000700000000, 0x0000000700100a30, 0x00000007c0000000)
  region size 1024K, 60 young (61440K), 6 survivors (6144K)
 Metaspace       used 83589K, capacity 89031K, committed 89344K, reserved 1126400K
  class space    used 12246K, capacity 13193K, committed 13312K, reserved 1048576K
}
Event: 137.676 GC heap after
{Heap after GC invocations=80 (full 3):
 garbage-first heap   total 333824K, used 109417K [0x0000000700000000, 0x0000000700100a30, 0x00000007c0000000)
  region size 1024K, 4 young (4096K), 4 survivors (4096K)
 Metaspace       used 83589K, capacity 89031K, committed 89344K, reserved 1126400K
  class space    used 12246K, capacity 13193K, committed 13312K, reserved 1048576K
}
Event: 140.169 GC heap before
{Heap before GC invocations=80 (full 3):
 garbage-first heap   total 333824K, used 166761K [0x0000000700000000, 0x0000000700100a30, 0x00000007c0000000)
  region size 1024K, 60 young (61440K), 4 survivors (4096K)
 Metaspace       used 84001K, capacity 89617K, committed 89984K, reserved 1126400K
  class space    used 12329K, capacity 13324K, committed 13440K, reserved 1048576K
}
Event: 140.172 GC heap after
{Heap after GC invocations=81 (full 3):
 garbage-first heap   total 333824K, used 109551K [0x0000000700000000, 0x0000000700100a30, 0x00000007c0000000)
  region size 1024K, 5 young (5120K), 5 survivors (5120K)
 Metaspace       used 84001K, capacity 89617K, committed 89984K, reserved 1126400K
  class space    used 12329K, capacity 13324K, committed 13440K, reserved 1048576K
}
Event: 146.064 GC heap before
{Heap before GC invocations=81 (full 3):
 garbage-first heap   total 333824K, used 165871K [0x0000000700000000, 0x0000000700100a30, 0x00000007c0000000)
  region size 1024K, 60 young (61440K), 5 survivors (5120K)
 Metaspace       used 84388K, capacity 89943K, committed 90240K, reserved 1126400K
  class space    used 12424K, capacity 13389K, committed 13440K, reserved 1048576K
}
Event: 146.067 GC heap after
{Heap after GC invocations=82 (full 3):
 garbage-first heap   total 333824K, used 110632K [0x0000000700000000, 0x0000000700100a30, 0x00000007c0000000)
  region size 1024K, 6 young (6144K), 6 survivors (6144K)
 Metaspace       used 84388K, capacity 89943K, committed 90240K, reserved 1126400K
  class space    used 12424K, capacity 13389K, committed 13440K, reserved 1048576K
}
Event: 146.308 GC heap before
{Heap before GC invocations=82 (full 3):
 garbage-first heap   total 333824K, used 165928K [0x0000000700000000, 0x0000000700100a30, 0x00000007c0000000)
  region size 1024K, 60 young (61440K), 6 survivors (6144K)
 Metaspace       used 84413K, capacity 90007K, committed 90240K, reserved 1126400K
  class space    used 12424K, capacity 13389K, committed 13440K, reserved 1048576K
}
Event: 146.312 GC heap after
{Heap after GC invocations=83 (full 3):
 garbage-first heap   total 333824K, used 110393K [0x0000000700000000, 0x0000000700100a30, 0x00000007c0000000)
  region size 1024K, 3 young (3072K), 3 survivors (3072K)
 Metaspace       used 84413K, capacity 90007K, committed 90240K, reserved 1126400K
  class space    used 12424K, capacity 13389K, committed 13440K, reserved 1048576K
}
Event: 148.445 GC heap before
{Heap before GC invocations=83 (full 3):
 garbage-first heap   total 333824K, used 140089K [0x0000000700000000, 0x0000000700100a30, 0x00000007c0000000)
  region size 1024K, 33 young (33792K), 3 survivors (3072K)
 Metaspace       used 84470K, capacity 90071K, committed 90240K, reserved 1126400K
  class space    used 12425K, capacity 13389K, committed 13440K, reserved 1048576K
}
Event: 148.648 GC heap after
{Heap after GC invocations=84 (full 4):
 garbage-first heap   total 333824K, used 107864K [0x0000000700000000, 0x0000000700100a30, 0x00000007c0000000)
  region size 1024K, 0 young (0K), 0 survivors (0K)
 Metaspace       used 84470K, capacity 90071K, committed 90240K, reserved 1126400K
  class space    used 12425K, capacity 13389K, committed 13440K, reserved 1048576K
}

